[main:6884] core @2016-02-18 21:30:06> looking for get /hello/ok in /usr/local/share/perl/5.14.2/Dancer2/Core/App.pm l. 1210
[main:6884] core @2016-02-18 21:30:06> Entering hook core.app.before_request in (eval 58) l. 1
[main:6884] core @2016-02-18 21:30:06> Entering hook core.app.after_request in (eval 58) l. 1
[main:6884] core @2016-02-18 21:30:10> looking for get /hello/ok2 in /usr/local/share/perl/5.14.2/Dancer2/Core/App.pm l. 1210
[main:6884] core @2016-02-18 21:30:10> Entering hook core.app.before_request in (eval 58) l. 1
[main:6884] core @2016-02-18 21:30:10> Entering hook core.app.after_request in (eval 58) l. 1
[main:6884] core @2016-02-18 21:30:13> looking for get /hell1o/ok2 in /usr/local/share/perl/5.14.2/Dancer2/Core/App.pm l. 1210
[main:6884] core @2016-02-18 21:30:13> Entering hook core.error.init in (eval 58) l. 1
[main:6884] core @2016-02-18 21:30:13> Entering hook core.error.before in (eval 58) l. 1
[main:6884] core @2016-02-18 21:30:13> Entering hook core.error.after in (eval 58) l. 1
[main:6884] core @2016-02-18 21:30:13> Entering hook core.error.init in (eval 58) l. 1
[main:6884] core @2016-02-18 21:30:13> Entering hook core.error.before in (eval 58) l. 1
[main:6884] core @2016-02-18 21:30:13> Entering hook core.error.after in (eval 58) l. 1
[main:6884] core @2016-02-18 21:30:13> looking for get /css/error.css in /usr/local/share/perl/5.14.2/Dancer2/Core/App.pm l. 1210
[main:6884] core @2016-02-18 21:30:13> Entering hook core.error.init in (eval 58) l. 1
[main:6884] core @2016-02-18 21:30:13> Entering hook core.error.before in (eval 58) l. 1
[main:6884] core @2016-02-18 21:30:13> Entering hook core.error.after in (eval 58) l. 1
[main:6884] core @2016-02-18 21:30:13> Entering hook core.error.init in (eval 58) l. 1
[main:6884] core @2016-02-18 21:30:13> Entering hook core.error.before in (eval 58) l. 1
[main:6884] core @2016-02-18 21:30:13> Entering hook core.error.after in (eval 58) l. 1
[main:6884] core @2016-02-18 21:30:20> looking for get / in /usr/local/share/perl/5.14.2/Dancer2/Core/App.pm l. 1210
[main:6884] core @2016-02-18 21:30:20> Entering hook core.app.before_request in (eval 58) l. 1
[main:6884] core @2016-02-18 21:30:20> Entering hook core.app.after_request in (eval 58) l. 1
[main:6884] core @2016-02-18 21:30:24> looking for get / in /usr/local/share/perl/5.14.2/Dancer2/Core/App.pm l. 1210
[main:6884] core @2016-02-18 21:30:24> Entering hook core.app.before_request in (eval 58) l. 1
[main:6884] core @2016-02-18 21:30:24> Entering hook core.app.after_request in (eval 58) l. 1
[main:6884] core @2016-02-18 21:30:25> looking for get / in /usr/local/share/perl/5.14.2/Dancer2/Core/App.pm l. 1210
[main:6884] core @2016-02-18 21:30:25> Entering hook core.app.before_request in (eval 58) l. 1
[main:6884] core @2016-02-18 21:30:25> Entering hook core.app.after_request in (eval 58) l. 1
[main:6884] core @2016-02-18 21:30:26> looking for get / in /usr/local/share/perl/5.14.2/Dancer2/Core/App.pm l. 1210
[main:6884] core @2016-02-18 21:30:26> Entering hook core.app.before_request in (eval 58) l. 1
[main:6884] core @2016-02-18 21:30:26> Entering hook core.app.after_request in (eval 58) l. 1
[main:6884] core @2016-02-18 21:30:26> looking for get / in /usr/local/share/perl/5.14.2/Dancer2/Core/App.pm l. 1210
[main:6884] core @2016-02-18 21:30:26> Entering hook core.app.before_request in (eval 58) l. 1
[main:6884] core @2016-02-18 21:30:26> Entering hook core.app.after_request in (eval 58) l. 1
[main:3456] core @2016-03-09 13:21:36> looking for get / in /usr/local/share/perl/5.14.2/Dancer2/Core/App.pm l. 1210
[main:3456] core @2016-03-09 13:21:36> Entering hook core.app.before_request in (eval 58) l. 1
[main:3456] core @2016-03-09 13:21:36> Entering hook core.app.after_request in (eval 58) l. 1
[main:3456] core @2016-03-09 13:21:47> looking for get /favicon.ico in /usr/local/share/perl/5.14.2/Dancer2/Core/App.pm l. 1210
[main:3456] core @2016-03-09 13:21:47> Entering hook core.error.init in (eval 58) l. 1
[main:3456] core @2016-03-09 13:21:47> Entering hook core.error.before in (eval 58) l. 1
[main:3456] core @2016-03-09 13:21:48> Entering hook core.error.after in (eval 58) l. 1
[main:3456] core @2016-03-09 13:21:48> Entering hook core.error.init in (eval 58) l. 1
[main:3456] core @2016-03-09 13:21:48> Entering hook core.error.before in (eval 58) l. 1
[main:3456] core @2016-03-09 13:21:48> Entering hook core.error.after in (eval 58) l. 1
[main:3456] core @2016-03-09 13:21:54> looking for get / in /usr/local/share/perl/5.14.2/Dancer2/Core/App.pm l. 1210
[main:3456] core @2016-03-09 13:21:54> Entering hook core.app.before_request in (eval 58) l. 1
[main:3456] core @2016-03-09 13:21:54> Entering hook core.app.after_request in (eval 58) l. 1
[main:3456] core @2016-03-09 13:22:21> looking for get / in /usr/local/share/perl/5.14.2/Dancer2/Core/App.pm l. 1210
[main:3456] core @2016-03-09 13:22:21> Entering hook core.app.before_request in (eval 58) l. 1
[main:3456] core @2016-03-09 13:22:21> Entering hook core.app.after_request in (eval 58) l. 1
[main:3456] core @2016-03-09 13:22:26> looking for get / in /usr/local/share/perl/5.14.2/Dancer2/Core/App.pm l. 1210
[main:3456] core @2016-03-09 13:22:26> Entering hook core.app.before_request in (eval 58) l. 1
[main:3456] core @2016-03-09 13:22:26> Entering hook core.app.after_request in (eval 58) l. 1
[main:3456] core @2016-03-09 13:27:45> looking for get / in /usr/local/share/perl/5.14.2/Dancer2/Core/App.pm l. 1210
[main:3456] core @2016-03-09 13:27:45> Entering hook core.app.before_request in (eval 58) l. 1
[main:3456] core @2016-03-09 13:27:45> Entering hook core.app.after_request in (eval 58) l. 1
[main:5514] core @2016-03-10 11:59:31> looking for get / in /usr/local/share/perl/5.14.2/Dancer2/Core/App.pm l. 1210
[main:5514] core @2016-03-10 11:59:31> Entering hook core.app.before_request in (eval 58) l. 1
[main:5514] core @2016-03-10 11:59:31> Entering hook core.app.after_request in (eval 58) l. 1
[main:5514] core @2016-03-10 11:59:31> looking for get /favicon.ico in /usr/local/share/perl/5.14.2/Dancer2/Core/App.pm l. 1210
[main:5514] core @2016-03-10 11:59:31> Entering hook core.error.init in (eval 58) l. 1
[main:5514] core @2016-03-10 11:59:31> Entering hook core.error.before in (eval 58) l. 1
[main:5514] core @2016-03-10 11:59:31> Entering hook core.error.after in (eval 58) l. 1
[main:5514] core @2016-03-10 11:59:31> Entering hook core.error.init in (eval 58) l. 1
[main:5514] core @2016-03-10 11:59:31> Entering hook core.error.before in (eval 58) l. 1
[main:5514] core @2016-03-10 11:59:31> Entering hook core.error.after in (eval 58) l. 1
[main:5514] core @2016-03-10 12:02:44> looking for get / in /usr/local/share/perl/5.14.2/Dancer2/Core/App.pm l. 1210
[main:5514] core @2016-03-10 12:02:44> Entering hook core.app.before_request in (eval 58) l. 1
[main:5514] core @2016-03-10 12:02:44> Entering hook core.app.after_request in (eval 58) l. 1
[main:5514] core @2016-03-10 12:02:44> looking for get /favicon.ico in /usr/local/share/perl/5.14.2/Dancer2/Core/App.pm l. 1210
[main:5514] core @2016-03-10 12:02:44> Entering hook core.error.init in (eval 58) l. 1
[main:5514] core @2016-03-10 12:02:44> Entering hook core.error.before in (eval 58) l. 1
[main:5514] core @2016-03-10 12:02:44> Entering hook core.error.after in (eval 58) l. 1
[main:5514] core @2016-03-10 12:02:44> Entering hook core.error.init in (eval 58) l. 1
[main:5514] core @2016-03-10 12:02:44> Entering hook core.error.before in (eval 58) l. 1
[main:5514] core @2016-03-10 12:02:44> Entering hook core.error.after in (eval 58) l. 1
[main:5514] core @2016-03-10 12:03:47> looking for get / in /usr/local/share/perl/5.14.2/Dancer2/Core/App.pm l. 1210
[main:5514] core @2016-03-10 12:03:47> Entering hook core.app.before_request in (eval 58) l. 1
[main:5514] core @2016-03-10 12:03:47> Entering hook core.app.after_request in (eval 58) l. 1
[main:5514] core @2016-03-10 12:06:56> looking for get / in /usr/local/share/perl/5.14.2/Dancer2/Core/App.pm l. 1210
[main:5514] core @2016-03-10 12:06:56> Entering hook core.app.before_request in (eval 58) l. 1
[main:5514] core @2016-03-10 12:06:56> Entering hook core.app.after_request in (eval 58) l. 1
[main:5810] core @2016-03-10 12:10:23> looking for get / in /usr/local/share/perl/5.14.2/Dancer2/Core/App.pm l. 1210
[main:5810] core @2016-03-10 12:10:23> Entering hook core.app.before_request in (eval 58) l. 1
[main:5810] core @2016-03-10 12:10:23> Entering hook core.app.after_request in (eval 58) l. 1
[main:5810] core @2016-03-10 12:10:24> looking for get /favicon.ico in /usr/local/share/perl/5.14.2/Dancer2/Core/App.pm l. 1210
[main:5810] core @2016-03-10 12:10:24> Entering hook core.error.init in (eval 58) l. 1
[main:5810] core @2016-03-10 12:10:24> Entering hook core.error.before in (eval 58) l. 1
[main:5810] core @2016-03-10 12:10:24> Entering hook core.error.after in (eval 58) l. 1
[main:5810] core @2016-03-10 12:10:24> Entering hook core.error.init in (eval 58) l. 1
[main:5810] core @2016-03-10 12:10:24> Entering hook core.error.before in (eval 58) l. 1
[main:5810] core @2016-03-10 12:10:24> Entering hook core.error.after in (eval 58) l. 1
[main:5848] core @2016-03-10 12:12:31> looking for get / in /usr/local/share/perl/5.14.2/Dancer2/Core/App.pm l. 1210
[main:5848] core @2016-03-10 12:12:31> Entering hook core.app.before_request in (eval 58) l. 1
[main:5848] core @2016-03-10 12:12:31> Entering hook core.app.after_request in (eval 58) l. 1
[main:5848] core @2016-03-10 13:41:55> looking for get / in /usr/local/share/perl/5.14.2/Dancer2/Core/App.pm l. 1210
[main:5848] core @2016-03-10 13:41:55> Entering hook core.app.before_request in (eval 58) l. 1
[main:5848] core @2016-03-10 13:41:55> Entering hook core.app.after_request in (eval 58) l. 1
[main:5848] core @2016-03-10 13:41:57> looking for get /favicon.ico in /usr/local/share/perl/5.14.2/Dancer2/Core/App.pm l. 1210
[main:5848] core @2016-03-10 13:41:57> Entering hook core.error.init in (eval 58) l. 1
[main:5848] core @2016-03-10 13:41:57> Entering hook core.error.before in (eval 58) l. 1
[main:5848] core @2016-03-10 13:41:57> Entering hook core.error.after in (eval 58) l. 1
[main:5848] core @2016-03-10 13:41:57> Entering hook core.error.init in (eval 58) l. 1
[main:5848] core @2016-03-10 13:41:57> Entering hook core.error.before in (eval 58) l. 1
[main:5848] core @2016-03-10 13:41:57> Entering hook core.error.after in (eval 58) l. 1
[main:5848] core @2016-03-10 14:06:19> looking for get / in /usr/local/share/perl/5.14.2/Dancer2/Core/App.pm l. 1210
[main:5848] core @2016-03-10 14:06:19> Entering hook core.app.before_request in (eval 58) l. 1
[main:5848] core @2016-03-10 14:06:19> Entering hook core.app.after_request in (eval 58) l. 1
[main:5848] core @2016-03-10 14:06:19> looking for get /favicon.ico in /usr/local/share/perl/5.14.2/Dancer2/Core/App.pm l. 1210
[main:5848] core @2016-03-10 14:06:19> Entering hook core.error.init in (eval 58) l. 1
[main:5848] core @2016-03-10 14:06:19> Entering hook core.error.before in (eval 58) l. 1
[main:5848] core @2016-03-10 14:06:19> Entering hook core.error.after in (eval 58) l. 1
[main:5848] core @2016-03-10 14:06:19> Entering hook core.error.init in (eval 58) l. 1
[main:5848] core @2016-03-10 14:06:19> Entering hook core.error.before in (eval 58) l. 1
[main:5848] core @2016-03-10 14:06:19> Entering hook core.error.after in (eval 58) l. 1
[main:5848] core @2016-03-10 14:10:07> looking for get http://zc.qq.com/cgi-bin/common/attr in /usr/local/share/perl/5.14.2/Dancer2/Core/App.pm l. 1210
[main:5848] core @2016-03-10 14:10:07> Entering hook core.error.init in (eval 58) l. 1
[main:5848] core @2016-03-10 14:10:07> Entering hook core.error.before in (eval 58) l. 1
[main:5848] core @2016-03-10 14:10:07> Entering hook core.error.after in (eval 58) l. 1
[main:5848] core @2016-03-10 14:10:07> Entering hook core.error.init in (eval 58) l. 1
[main:5848] core @2016-03-10 14:10:07> Entering hook core.error.before in (eval 58) l. 1
[main:5848] core @2016-03-10 14:10:07> Entering hook core.error.after in (eval 58) l. 1
[main:5848] core @2016-03-10 14:13:19> looking for get / in /usr/local/share/perl/5.14.2/Dancer2/Core/App.pm l. 1210
[main:5848] core @2016-03-10 14:13:19> Entering hook core.app.before_request in (eval 58) l. 1
[main:5848] core @2016-03-10 14:13:19> Entering hook core.app.after_request in (eval 58) l. 1
[main:5848] core @2016-03-10 14:13:51> looking for get / in /usr/local/share/perl/5.14.2/Dancer2/Core/App.pm l. 1210
[main:5848] core @2016-03-10 14:13:51> Entering hook core.app.before_request in (eval 58) l. 1
[main:5848] core @2016-03-10 14:13:51> Entering hook core.app.after_request in (eval 58) l. 1
[main:5848] core @2016-03-10 14:42:32> looking for get / in /usr/local/share/perl/5.14.2/Dancer2/Core/App.pm l. 1210
[main:5848] core @2016-03-10 14:42:32> Entering hook core.app.before_request in (eval 58) l. 1
[main:5848] core @2016-03-10 14:42:32> Entering hook core.app.after_request in (eval 58) l. 1
[main:5848] core @2016-03-10 15:16:42> looking for get / in /usr/local/share/perl/5.14.2/Dancer2/Core/App.pm l. 1210
[main:5848] core @2016-03-10 15:16:42> Entering hook core.app.before_request in (eval 58) l. 1
[main:5848] core @2016-03-10 15:16:42> Entering hook core.app.after_request in (eval 58) l. 1
[main:3377] core @2016-03-10 18:18:22> looking for get / in /usr/local/share/perl/5.14.2/Dancer2/Core/App.pm l. 1210
[main:3377] core @2016-03-10 18:18:22> Entering hook core.app.before_request in (eval 58) l. 1
[main:3377] core @2016-03-10 18:18:22> Entering hook core.app.after_request in (eval 58) l. 1
[main:3377] core @2016-03-10 18:18:23> looking for get /favicon.ico in /usr/local/share/perl/5.14.2/Dancer2/Core/App.pm l. 1210
[main:3377] core @2016-03-10 18:18:23> Entering hook core.app.before_request in (eval 58) l. 1
[main:3377] core @2016-03-10 18:18:23> Entering hook core.app.after_request in (eval 58) l. 1
[main:3406] core @2016-03-10 18:20:25> looking for get / in /usr/local/share/perl/5.14.2/Dancer2/Core/App.pm l. 1210
[main:3406] core @2016-03-10 18:20:25> Entering hook core.app.before_request in (eval 58) l. 1
[main:3406] core @2016-03-10 18:20:25> Entering hook core.app.after_request in (eval 58) l. 1
[main:3406] core @2016-03-10 18:20:25> looking for get /favicon.ico in /usr/local/share/perl/5.14.2/Dancer2/Core/App.pm l. 1210
[main:3406] core @2016-03-10 18:20:25> Entering hook core.app.before_request in (eval 58) l. 1
[main:3406] core @2016-03-10 18:20:25> Entering hook core.app.after_request in (eval 58) l. 1
[main:3496] core @2016-03-10 18:26:56> looking for get / in /usr/local/share/perl/5.14.2/Dancer2/Core/App.pm l. 1210
[main:3496] core @2016-03-10 18:26:56> Entering hook core.app.before_request in (eval 58) l. 1
[main:3496] core @2016-03-10 18:26:56> Entering hook core.app.after_request in (eval 58) l. 1
[main:3496] core @2016-03-10 18:27:29> looking for get /favicon.ico in /usr/local/share/perl/5.14.2/Dancer2/Core/App.pm l. 1210
[main:3496] core @2016-03-10 18:27:29> Entering hook core.app.before_request in (eval 58) l. 1
[main:3496] core @2016-03-10 18:27:29> Entering hook core.app.after_request in (eval 58) l. 1
[main:3678] core @2016-03-10 18:39:25> looking for get / in /usr/local/share/perl/5.14.2/Dancer2/Core/App.pm l. 1210
[main:3678] core @2016-03-10 18:39:25> Entering hook core.app.before_request in (eval 58) l. 1
[main:3678] core @2016-03-10 18:39:25> Entering hook core.app.after_request in (eval 58) l. 1
[main:3678] core @2016-03-10 18:39:25> looking for get /favicon.ico in /usr/local/share/perl/5.14.2/Dancer2/Core/App.pm l. 1210
[main:3678] core @2016-03-10 18:39:25> Entering hook core.app.before_request in (eval 58) l. 1
[main:3678] core @2016-03-10 18:39:25> Entering hook core.app.after_request in (eval 58) l. 1
[main:3737] core @2016-03-10 18:43:33> looking for get / in /usr/local/share/perl/5.14.2/Dancer2/Core/App.pm l. 1210
[main:3737] core @2016-03-10 18:43:33> Entering hook core.app.before_request in (eval 58) l. 1
[main:3737] core @2016-03-10 18:43:33> Entering hook core.app.after_request in (eval 58) l. 1
[main:3737] core @2016-03-10 18:43:54> looking for get /favicon.ico in /usr/local/share/perl/5.14.2/Dancer2/Core/App.pm l. 1210
[main:3737] core @2016-03-10 18:43:54> Entering hook core.app.before_request in (eval 58) l. 1
[main:3737] core @2016-03-10 18:43:54> Entering hook core.app.after_request in (eval 58) l. 1
[main:3764] core @2016-03-10 18:45:24> looking for get /favicon.ico in /usr/local/share/perl/5.14.2/Dancer2/Core/App.pm l. 1210
[main:3764] core @2016-03-10 18:45:24> Entering hook core.app.before_request in (eval 58) l. 1
[main:3764] core @2016-03-10 18:45:24> Entering hook core.app.after_request in (eval 58) l. 1
[main:3764] core @2016-03-10 18:45:39> looking for get /favicon.ico in /usr/local/share/perl/5.14.2/Dancer2/Core/App.pm l. 1210
[main:3764] core @2016-03-10 18:45:39> Entering hook core.app.before_request in (eval 58) l. 1
[main:3764] core @2016-03-10 18:45:39> Entering hook core.app.after_request in (eval 58) l. 1
[main:3764] core @2016-03-10 18:49:00> looking for get / in /usr/local/share/perl/5.14.2/Dancer2/Core/App.pm l. 1210
[main:3764] core @2016-03-10 18:49:00> Entering hook core.app.before_request in (eval 58) l. 1
[main:3764] core @2016-03-10 18:49:00> Entering hook core.app.after_request in (eval 58) l. 1
[main:3764] core @2016-03-10 18:49:05> looking for get /favicon.ico in /usr/local/share/perl/5.14.2/Dancer2/Core/App.pm l. 1210
[main:3764] core @2016-03-10 18:49:05> Entering hook core.app.before_request in (eval 58) l. 1
[main:3764] core @2016-03-10 18:49:05> Entering hook core.app.after_request in (eval 58) l. 1
[main:3764] core @2016-03-10 18:49:10> looking for get /favicon.ico in /usr/local/share/perl/5.14.2/Dancer2/Core/App.pm l. 1210
[main:3764] core @2016-03-10 18:49:11> Entering hook core.app.before_request in (eval 58) l. 1
[main:3764] core @2016-03-10 18:49:11> Entering hook core.app.after_request in (eval 58) l. 1
[main:4010] core @2016-03-10 19:02:41> looking for get /favicon.ico in /usr/local/share/perl/5.14.2/Dancer2/Core/App.pm l. 1210
[main:4010] core @2016-03-10 19:02:41> Entering hook core.app.before_request in (eval 58) l. 1
[main:4010] core @2016-03-10 19:02:41> Entering hook core.app.after_request in (eval 58) l. 1
[main:4032] core @2016-03-10 19:04:00> looking for get /favicon.ico in /usr/local/share/perl/5.14.2/Dancer2/Core/App.pm l. 1210
[main:4032] core @2016-03-10 19:04:00> Entering hook core.app.before_request in (eval 58) l. 1
[main:4032] core @2016-03-10 19:04:00> Entering hook core.app.before_file_render in (eval 58) l. 1
[main:4032] core @2016-03-10 19:04:00> Entering hook core.app.after_file_render in (eval 58) l. 1
[main:4032] core @2016-03-10 19:04:00> Entering hook core.app.after_request in (eval 58) l. 1
[main:4032] core @2016-03-10 19:04:06> looking for get / in /usr/local/share/perl/5.14.2/Dancer2/Core/App.pm l. 1210
[main:4032] core @2016-03-10 19:04:06> Entering hook core.app.before_request in (eval 58) l. 1
[main:4032] core @2016-03-10 19:04:06> Entering hook core.app.after_request in (eval 58) l. 1
[main:4032] core @2016-03-10 19:07:16> looking for get / in /usr/local/share/perl/5.14.2/Dancer2/Core/App.pm l. 1210
[main:4032] core @2016-03-10 19:07:16> Entering hook core.app.before_request in (eval 58) l. 1
[main:4032] core @2016-03-10 19:07:16> Entering hook core.app.after_request in (eval 58) l. 1
[main:4032] core @2016-03-10 19:07:40> looking for get / in /usr/local/share/perl/5.14.2/Dancer2/Core/App.pm l. 1210
[main:4032] core @2016-03-10 19:07:40> Entering hook core.app.before_request in (eval 58) l. 1
[main:4032] core @2016-03-10 19:07:40> Entering hook core.app.after_request in (eval 58) l. 1
[main:4032] core @2016-03-10 19:07:58> looking for get / in /usr/local/share/perl/5.14.2/Dancer2/Core/App.pm l. 1210
[main:4032] core @2016-03-10 19:07:58> Entering hook core.app.before_request in (eval 58) l. 1
[main:4032] core @2016-03-10 19:07:58> Entering hook core.app.after_request in (eval 58) l. 1
[main:4171] core @2016-03-10 19:13:31> looking for get /source in /usr/local/share/perl/5.14.2/Dancer2/Core/App.pm l. 1210
[main:4171] core @2016-03-10 19:13:31> Entering hook core.app.before_request in (eval 58) l. 1
[main:4171] core @2016-03-10 19:13:31> Entering hook core.app.after_request in (eval 58) l. 1
[main:4450] core @2016-03-10 19:33:22> looking for get /source in /usr/local/share/perl/5.14.2/Dancer2/Core/App.pm l. 1210
[main:4450] core @2016-03-10 19:33:22> Entering hook core.app.before_request in (eval 58) l. 1
[main:4450] core @2016-03-10 19:33:22> Entering hook core.app.after_request in (eval 58) l. 1
[main:4450] core @2016-03-10 19:33:30> looking for get / in /usr/local/share/perl/5.14.2/Dancer2/Core/App.pm l. 1210
[main:4450] core @2016-03-10 19:33:30> Entering hook core.app.before_request in (eval 58) l. 1
[main:4450] core @2016-03-10 19:33:30> Entering hook core.app.after_request in (eval 58) l. 1
[main:4450] core @2016-03-10 19:33:34> looking for get / in /usr/local/share/perl/5.14.2/Dancer2/Core/App.pm l. 1210
[main:4450] core @2016-03-10 19:33:34> Entering hook core.app.before_request in (eval 58) l. 1
[main:4450] core @2016-03-10 19:33:34> Entering hook core.app.after_request in (eval 58) l. 1
[main:4514] core @2016-03-10 19:37:52> looking for get / in /usr/local/share/perl/5.14.2/Dancer2/Core/App.pm l. 1210
[main:4514] core @2016-03-10 19:37:52> Entering hook core.app.before_request in (eval 58) l. 1
[main:4514] core @2016-03-10 19:37:52> Entering hook core.app.after_request in (eval 58) l. 1
[main:4514] core @2016-03-10 19:38:22> looking for get / in /usr/local/share/perl/5.14.2/Dancer2/Core/App.pm l. 1210
[main:4514] core @2016-03-10 19:38:22> Entering hook core.app.before_request in (eval 58) l. 1
[main:4514] core @2016-03-10 19:38:22> Entering hook core.app.after_request in (eval 58) l. 1
[main:4514] core @2016-03-10 19:39:03> looking for get / in /usr/local/share/perl/5.14.2/Dancer2/Core/App.pm l. 1210
[main:4514] core @2016-03-10 19:39:03> Entering hook core.app.before_request in (eval 58) l. 1
[main:4514] core @2016-03-10 19:39:03> Entering hook core.app.after_request in (eval 58) l. 1
[main:4597] core @2016-03-10 19:42:48> looking for get / in /usr/local/share/perl/5.14.2/Dancer2/Core/App.pm l. 1210
[main:4597] core @2016-03-10 19:42:48> Entering hook core.app.before_request in (eval 58) l. 1
[main:4597] core @2016-03-10 19:42:48> Entering hook core.app.after_request in (eval 58) l. 1
[main:4597] core @2016-03-10 19:42:52> looking for get / in /usr/local/share/perl/5.14.2/Dancer2/Core/App.pm l. 1210
[main:4597] core @2016-03-10 19:42:52> Entering hook core.app.before_request in (eval 58) l. 1
[main:4597] core @2016-03-10 19:42:52> Entering hook core.app.after_request in (eval 58) l. 1
[main:4597] core @2016-03-10 19:44:02> looking for get / in /usr/local/share/perl/5.14.2/Dancer2/Core/App.pm l. 1210
[main:4597] core @2016-03-10 19:44:02> Entering hook core.app.before_request in (eval 58) l. 1
[main:4597] core @2016-03-10 19:44:02> Entering hook core.app.after_request in (eval 58) l. 1
